2025-01-31T11:16:57.048-03:00  INFO 27516 --- [vendas-app] [main] c.u.v.vendas_app.VendasAppApplication    : Starting VendasAppApplication using Java 22.0.2 with PID 27516 (C:\Users\elson\Documents\Java\vendas-app\target\classes started by elson in C:\Users\elson\Documents\Java\vendas-app)
2025-01-31T11:16:57.051-03:00  INFO 27516 --- [vendas-app] [main] c.u.v.vendas_app.VendasAppApplication    : No active profile set, falling back to 1 default profile: "default"
2025-01-31T11:16:57.831-03:00  INFO 27516 --- [vendas-app] [main] .s.d.r.c.RepositoryConfigurationDelegate : Bootstrapping Spring Data JPA repositories in DEFAULT mode.
2025-01-31T11:16:57.913-03:00  INFO 27516 --- [vendas-app] [main] .s.d.r.c.RepositoryConfigurationDelegate : Finished Spring Data repository scanning in 64 ms. Found 1 JPA repository interface.
2025-01-31T11:16:58.439-03:00  INFO 27516 --- [vendas-app] [main] o.s.b.w.embedded.tomcat.TomcatWebServer  : Tomcat initialized with port 8080 (http)
2025-01-31T11:16:58.460-03:00  INFO 27516 --- [vendas-app] [main] o.apache.catalina.core.StandardService   : Starting service [Tomcat]
2025-01-31T11:16:58.461-03:00  INFO 27516 --- [vendas-app] [main] o.apache.catalina.core.StandardEngine    : Starting Servlet engine: [Apache Tomcat/10.1.34]
2025-01-31T11:16:58.527-03:00  INFO 27516 --- [vendas-app] [main] o.a.c.c.C.[Tomcat].[localhost].[/api]    : Initializing Spring embedded WebApplicationContext
2025-01-31T11:16:58.527-03:00  INFO 27516 --- [vendas-app] [main] w.s.c.ServletWebServerApplicationContext : Root WebApplicationContext: initialization completed in 1399 ms
2025-01-31T11:16:58.663-03:00  INFO 27516 --- [vendas-app] [main] o.hibernate.jpa.internal.util.LogHelper  : HHH000204: Processing PersistenceUnitInfo [name: default]
2025-01-31T11:16:58.721-03:00  INFO 27516 --- [vendas-app] [main] org.hibernate.Version                    : HHH000412: Hibernate ORM core version 6.6.4.Final
2025-01-31T11:16:58.752-03:00  INFO 27516 --- [vendas-app] [main] o.h.c.internal.RegionFactoryInitiator    : HHH000026: Second-level cache disabled
2025-01-31T11:16:59.078-03:00  INFO 27516 --- [vendas-app] [main] o.s.o.j.p.SpringPersistenceUnitInfo      : No LoadTimeWeaver setup: ignoring JPA class transformer
2025-01-31T11:16:59.104-03:00  INFO 27516 --- [vendas-app] [main] com.zaxxer.hikari.HikariDataSource       : HikariPool-1 - Starting...
2025-01-31T11:16:59.269-03:00  INFO 27516 --- [vendas-app] [main] com.zaxxer.hikari.pool.HikariPool        : HikariPool-1 - Added connection conn0: url=jdbc:h2:mem:vendas user=ROOT
2025-01-31T11:16:59.272-03:00  INFO 27516 --- [vendas-app] [main] com.zaxxer.hikari.HikariDataSource       : HikariPool-1 - Start completed.
2025-01-31T11:16:59.335-03:00  INFO 27516 --- [vendas-app] [main] org.hibernate.orm.connections.pooling    : HHH10001005: Database info:
	Database JDBC URL [Connecting through datasource 'HikariDataSource (HikariPool-1)']
	Database driver: undefined/unknown
	Database version: 2.3.232
	Autocommit mode: undefined/unknown
	Isolation level: undefined/unknown
	Minimum pool size: undefined/unknown
	Maximum pool size: undefined/unknown
2025-01-31T11:17:00.122-03:00  INFO 27516 --- [vendas-app] [main] o.h.e.t.j.p.i.JtaPlatformInitiator       : HHH000489: No JTA platform available (set 'hibernate.transaction.jta.platform' to enable JTA platform integration)
2025-01-31T11:17:00.166-03:00  INFO 27516 --- [vendas-app] [main] j.LocalContainerEntityManagerFactoryBean : Initialized JPA EntityManagerFactory for persistence unit 'default'
2025-01-31T11:17:00.578-03:00  INFO 27516 --- [vendas-app] [main] o.s.v.b.OptionalValidatorFactoryBean     : Failed to set up a Bean Validation provider: jakarta.validation.NoProviderFoundException: Unable to create a Configuration, because no Jakarta Bean Validation provider could be found. Add a provider like Hibernate Validator (RI) to your classpath.
2025-01-31T11:17:00.875-03:00  INFO 27516 --- [vendas-app] [main] o.s.b.a.h2.H2ConsoleAutoConfiguration    : H2 console available at '/h2-console'. Database available at 'jdbc:h2:mem:vendas'
2025-01-31T11:17:01.044-03:00  INFO 27516 --- [vendas-app] [main] o.s.b.w.embedded.tomcat.TomcatWebServer  : Tomcat started on port 8080 (http) with context path '/api'
2025-01-31T11:17:01.053-03:00  INFO 27516 --- [vendas-app] [main] c.u.v.vendas_app.VendasAppApplication    : Started VendasAppApplication in 4.549 seconds (process running for 4.914)
2025-01-31T11:17:01.058-03:00  INFO 27516 --- [vendas-app] [main] c.u.v.vendas_app.VendasAppApplication    : Aplicação iniciada com sucesso!
2025-01-31T11:18:37.171-03:00  INFO 27516 --- [vendas-app] [SpringApplicationShutdownHook] o.s.b.w.e.tomcat.GracefulShutdown        : Commencing graceful shutdown. Waiting for active requests to complete
2025-01-31T11:18:37.186-03:00  INFO 27516 --- [vendas-app] [tomcat-shutdown] o.s.b.w.e.tomcat.GracefulShutdown        : Graceful shutdown complete
2025-01-31T11:18:37.190-03:00  INFO 27516 --- [vendas-app] [SpringApplicationShutdownHook] j.LocalContainerEntityManagerFactoryBean : Closing JPA EntityManagerFactory for persistence unit 'default'
2025-01-31T11:18:37.195-03:00  INFO 27516 --- [vendas-app] [SpringApplicationShutdownHook] com.zaxxer.hikari.HikariDataSource       : HikariPool-1 - Shutdown initiated...
2025-01-31T11:18:37.198-03:00  INFO 27516 --- [vendas-app] [SpringApplicationShutdownHook] com.zaxxer.hikari.HikariDataSource       : HikariPool-1 - Shutdown completed.
